Removed Pin From Net: NetName=CS_5 Pin=J2-1
Removed Pin From Net: NetName=CS_4 Pin=J2-2
Removed Pin From Net: NetName=CS_3 Pin=J2-3
Removed Pin From Net: NetName=CS_2 Pin=J2-4
Removed Pin From Net: NetName=CS_1 Pin=J2-5
Removed Pin From Net: NetName=MISO Pin=J2-6
Removed Pin From Net: NetName=MOSI Pin=J2-7
Removed Pin From Net: NetName=SCK Pin=J2-8
Removed Pin From Net: NetName=GND Pin=J2-9
Removed Pin From Net: NetName=3V3 Pin=J2-10
Change Component DesignItemId : Designator=J2 Old DesignItemId=FPC_10_0.5 New DesignItemId=FPC_10_0.5_1
Change Component Comment : Designator=J2 Old Comment=FPC_10_0.5 New Comment=FPC_10_0.5_1
Added Pin To Net: NetName=3V3 Pin=J2-1
Added Pin To Net: NetName=GND Pin=J2-2
Added Pin To Net: NetName=SCK Pin=J2-3
Added Pin To Net: NetName=MOSI Pin=J2-4
Added Pin To Net: NetName=MISO Pin=J2-5
Added Pin To Net: NetName=CS_1 Pin=J2-6
Added Pin To Net: NetName=CS_2 Pin=J2-7
Added Pin To Net: NetName=CS_3 Pin=J2-8
Added Pin To Net: NetName=CS_4 Pin=J2-9
Added Pin To Net: NetName=CS_5 Pin=J2-10
