Added Component: Designator=C1(CAPC1608X87N)
Add component. Clean all parameters for all variants
Add component (AddParameter): Name = "Availability"; Value = "Unavailable"; VariantName = "[No Variations]"
Add component (AddParameter): Name = "DigiKey-Purchase-URL"; Value = "https://snapeda.com/shop?store=DigiKey&id=424904"; VariantName = "[No Variations]"
Add component (AddParameter): Name = "MF"; Value = "Walsin Technology"; VariantName = "[No Variations]"
Add component (AddParameter): Name = "Mouser-Purchase-URL"; Value = "https://snapeda.com/shop?store=Mouser&id=424904"; VariantName = "[No Variations]"
Add component (AddParameter): Name = "MP"; Value = "0603B103K500CT"; VariantName = "[No Variations]"
Add component (AddParameter): Name = "Package"; Value = "0603 Walsin Technologies"; VariantName = "[No Variations]"
Add component (AddParameter): Name = "Price"; Value = "None"; VariantName = "[No Variations]"
Add component (AddParameter): Name = "SnapEDA_Link"; Value = "https://www.snapeda.com/parts/0603B103K500CT/Walsin%20Technology%20Corporation/view-part/424904/?ref=snap"; VariantName = "[No Variations]"
Add component (AddParameter): Name = "Value"; Value = ""; VariantName = "[No Variations]"
Added Component: Designator=C2(CAPC1608X87N)
Add component. Clean all parameters for all variants
Add component (AddParameter): Name = "Availability"; Value = "Unavailable"; VariantName = "[No Variations]"
Add component (AddParameter): Name = "DigiKey-Purchase-URL"; Value = "https://snapeda.com/shop?store=DigiKey&id=424904"; VariantName = "[No Variations]"
Add component (AddParameter): Name = "MF"; Value = "Walsin Technology"; VariantName = "[No Variations]"
Add component (AddParameter): Name = "Mouser-Purchase-URL"; Value = "https://snapeda.com/shop?store=Mouser&id=424904"; VariantName = "[No Variations]"
Add component (AddParameter): Name = "MP"; Value = "0603B103K500CT"; VariantName = "[No Variations]"
Add component (AddParameter): Name = "Package"; Value = "0603 Walsin Technologies"; VariantName = "[No Variations]"
Add component (AddParameter): Name = "Price"; Value = "None"; VariantName = "[No Variations]"
Add component (AddParameter): Name = "SnapEDA_Link"; Value = "https://www.snapeda.com/parts/0603B103K500CT/Walsin%20Technology%20Corporation/view-part/424904/?ref=snap"; VariantName = "[No Variations]"
Add component (AddParameter): Name = "Value"; Value = ""; VariantName = "[No Variations]"
Added Component: Designator=J1(FPC_10_0.5)
Add component. Clean all parameters for all variants
Add component (AddParameter): Name = "Availability"; Value = "Unavailable"; VariantName = "[No Variations]"
Add component (AddParameter): Name = "MF"; Value = "TE Connectivity"; VariantName = "[No Variations]"
Add component (AddParameter): Name = "MP"; Value = "1734592-6"; VariantName = "[No Variations]"
Add component (AddParameter): Name = "Package"; Value = "None"; VariantName = "[No Variations]"
Add component (AddParameter): Name = "Price"; Value = "None"; VariantName = "[No Variations]"
Add component (AddParameter): Name = "SnapEDA_Link"; Value = "https://www.snapeda.com/parts/1734592-6/TE%20Connectivity/view-part/4788517/?ref=snap"; VariantName = "[No Variations]"
Add component (AddParameter): Name = "Value"; Value = ""; VariantName = "[No Variations]"
Added Component: Designator=J2(FPC_10_0.5_1)
Add component. Clean all parameters for all variants
Add component (AddParameter): Name = "Availability"; Value = "Unavailable"; VariantName = "[No Variations]"
Add component (AddParameter): Name = "MF"; Value = "TE Connectivity"; VariantName = "[No Variations]"
Add component (AddParameter): Name = "MP"; Value = "1734592-6"; VariantName = "[No Variations]"
Add component (AddParameter): Name = "Package"; Value = "None"; VariantName = "[No Variations]"
Add component (AddParameter): Name = "Price"; Value = "None"; VariantName = "[No Variations]"
Add component (AddParameter): Name = "SnapEDA_Link"; Value = "https://www.snapeda.com/parts/1734592-6/TE%20Connectivity/view-part/4788517/?ref=snap"; VariantName = "[No Variations]"
Add component (AddParameter): Name = "Value"; Value = ""; VariantName = "[No Variations]"
Added Component: Designator=J3(SAMTEC-MTSW-105-07-X-D-240)
Add component. Clean all parameters for all variants
Added Component: Designator=J4(FPC_10_0.5_2)
Add component. Clean all parameters for all variants
Add component (AddParameter): Name = "Availability"; Value = "Unavailable"; VariantName = "[No Variations]"
Add component (AddParameter): Name = "MF"; Value = "TE Connectivity"; VariantName = "[No Variations]"
Add component (AddParameter): Name = "MP"; Value = "1734592-6"; VariantName = "[No Variations]"
Add component (AddParameter): Name = "Package"; Value = "None"; VariantName = "[No Variations]"
Add component (AddParameter): Name = "Price"; Value = "None"; VariantName = "[No Variations]"
Add component (AddParameter): Name = "SnapEDA_Link"; Value = "https://www.snapeda.com/parts/1734592-6/TE%20Connectivity/view-part/4788517/?ref=snap"; VariantName = "[No Variations]"
Add component (AddParameter): Name = "Value"; Value = ""; VariantName = "[No Variations]"
Added Component: Designator=R1(RESC1608X50N)
Add component. Clean all parameters for all variants
Add component (AddParameter): Name = "Availability"; Value = "Warning"; VariantName = "[No Variations]"
Add component (AddParameter): Name = "Comment_1"; Value = ""; VariantName = "[No Variations]"
Add component (AddParameter): Name = "EU_RoHS_Compliance"; Value = "Compliant"; VariantName = "[No Variations]"
Add component (AddParameter): Name = "MF"; Value = "TE Connectivity"; VariantName = "[No Variations]"
Add component (AddParameter): Name = "MP"; Value = "8-1614350-7"; VariantName = "[No Variations]"
Add component (AddParameter): Name = "Package"; Value = "0603"; VariantName = "[No Variations]"
Add component (AddParameter): Name = "Power_Rating"; Value = ".063 W"; VariantName = "[No Variations]"
Add component (AddParameter): Name = "Price"; Value = "None"; VariantName = "[No Variations]"
Add component (AddParameter): Name = "Resistance"; Value = "10"; VariantName = "[No Variations]"
Add component (AddParameter): Name = "SnapEDA_Link"; Value = "https://www.snapeda.com/parts/8-1614350-7/TE%20Connectivity/view-part/2208042/?ref=snap"; VariantName = "[No Variations]"
Add component (AddParameter): Name = "Tolerance"; Value = ".1%"; VariantName = "[No Variations]"
Add component (AddParameter): Name = "Value"; Value = ""; VariantName = "[No Variations]"
Add component (AddParameter): Name = "Voltage_Rating"; Value = "50 V"; VariantName = "[No Variations]"
Added Component: Designator=R2(RESC1608X50N)
Add component. Clean all parameters for all variants
Add component (AddParameter): Name = "Availability"; Value = "Warning"; VariantName = "[No Variations]"
Add component (AddParameter): Name = "Comment_1"; Value = ""; VariantName = "[No Variations]"
Add component (AddParameter): Name = "EU_RoHS_Compliance"; Value = "Compliant"; VariantName = "[No Variations]"
Add component (AddParameter): Name = "MF"; Value = "TE Connectivity"; VariantName = "[No Variations]"
Add component (AddParameter): Name = "MP"; Value = "8-1614350-7"; VariantName = "[No Variations]"
Add component (AddParameter): Name = "Package"; Value = "0603"; VariantName = "[No Variations]"
Add component (AddParameter): Name = "Power_Rating"; Value = ".063 W"; VariantName = "[No Variations]"
Add component (AddParameter): Name = "Price"; Value = "None"; VariantName = "[No Variations]"
Add component (AddParameter): Name = "Resistance"; Value = "10"; VariantName = "[No Variations]"
Add component (AddParameter): Name = "SnapEDA_Link"; Value = "https://www.snapeda.com/parts/8-1614350-7/TE%20Connectivity/view-part/2208042/?ref=snap"; VariantName = "[No Variations]"
Add component (AddParameter): Name = "Tolerance"; Value = ".1%"; VariantName = "[No Variations]"
Add component (AddParameter): Name = "Value"; Value = ""; VariantName = "[No Variations]"
Add component (AddParameter): Name = "Voltage_Rating"; Value = "50 V"; VariantName = "[No Variations]"
Added Component: Designator=R3(RESC1608X50N)
Add component. Clean all parameters for all variants
Add component (AddParameter): Name = "Availability"; Value = "Warning"; VariantName = "[No Variations]"
Add component (AddParameter): Name = "Comment_1"; Value = ""; VariantName = "[No Variations]"
Add component (AddParameter): Name = "EU_RoHS_Compliance"; Value = "Compliant"; VariantName = "[No Variations]"
Add component (AddParameter): Name = "MF"; Value = "TE Connectivity"; VariantName = "[No Variations]"
Add component (AddParameter): Name = "MP"; Value = "8-1614350-7"; VariantName = "[No Variations]"
Add component (AddParameter): Name = "Package"; Value = "0603"; VariantName = "[No Variations]"
Add component (AddParameter): Name = "Power_Rating"; Value = ".063 W"; VariantName = "[No Variations]"
Add component (AddParameter): Name = "Price"; Value = "None"; VariantName = "[No Variations]"
Add component (AddParameter): Name = "Resistance"; Value = "10"; VariantName = "[No Variations]"
Add component (AddParameter): Name = "SnapEDA_Link"; Value = "https://www.snapeda.com/parts/8-1614350-7/TE%20Connectivity/view-part/2208042/?ref=snap"; VariantName = "[No Variations]"
Add component (AddParameter): Name = "Tolerance"; Value = ".1%"; VariantName = "[No Variations]"
Add component (AddParameter): Name = "Value"; Value = ""; VariantName = "[No Variations]"
Add component (AddParameter): Name = "Voltage_Rating"; Value = "50 V"; VariantName = "[No Variations]"
Added Component: Designator=U1(QFN40P300X300X105-24N)
Add component. Clean all parameters for all variants
Add component (AddParameter): Name = "Availability"; Value = "Unavailable"; VariantName = "[No Variations]"
Add component (AddParameter): Name = "MF"; Value = "TDK InvenSense"; VariantName = "[No Variations]"
Add component (AddParameter): Name = "MP"; Value = "MPU-9250"; VariantName = "[No Variations]"
Add component (AddParameter): Name = "Package"; Value = "TFQFN-24 TDK InvenSense"; VariantName = "[No Variations]"
Add component (AddParameter): Name = "Price"; Value = "None"; VariantName = "[No Variations]"
Add component (AddParameter): Name = "SnapEDA_Link"; Value = "https://www.snapeda.com/parts/MPU-9250/TDK%20InvenSense/view-part/4652549/?ref=snap"; VariantName = "[No Variations]"
Add component (AddParameter): Name = "Value"; Value = ""; VariantName = "[No Variations]"
Added Pin To Net: NetName=3V3 Pin=C1-1
Added Pin To Net: NetName=3V3 Pin=J1-1
Added Pin To Net: NetName=3V3 Pin=J2-1
Added Pin To Net: NetName=3V3 Pin=J3-1
Added Pin To Net: NetName=3V3 Pin=J4-1
Added Pin To Net: NetName=3V3 Pin=R1-2
Added Pin To Net: NetName=3V3 Pin=R2-2
Added Pin To Net: NetName=3V3 Pin=R3-2
Added Pin To Net: NetName=3V3 Pin=U1-8
Added Pin To Net: NetName=3V3 Pin=U1-13
Added Net: Name=3V3
Added Pin To Net: NetName=CS_1 Pin=J1-6
Added Pin To Net: NetName=CS_1 Pin=J2-6
Added Pin To Net: NetName=CS_1 Pin=J3-6
Added Pin To Net: NetName=CS_1 Pin=J4-6
Added Net: Name=CS_1
Added Pin To Net: NetName=CS_2 Pin=J1-7
Added Pin To Net: NetName=CS_2 Pin=J2-7
Added Pin To Net: NetName=CS_2 Pin=J3-7
Added Pin To Net: NetName=CS_2 Pin=J4-7
Added Net: Name=CS_2
Added Pin To Net: NetName=CS_3 Pin=J1-8
Added Pin To Net: NetName=CS_3 Pin=J2-8
Added Pin To Net: NetName=CS_3 Pin=J3-8
Added Pin To Net: NetName=CS_3 Pin=J4-8
Added Net: Name=CS_3
Added Pin To Net: NetName=CS_4 Pin=J1-9
Added Pin To Net: NetName=CS_4 Pin=J2-9
Added Pin To Net: NetName=CS_4 Pin=J3-9
Added Pin To Net: NetName=CS_4 Pin=J4-9
Added Net: Name=CS_4
Added Pin To Net: NetName=CS_5 Pin=J1-10
Added Pin To Net: NetName=CS_5 Pin=J2-10
Added Pin To Net: NetName=CS_5 Pin=J3-10
Added Pin To Net: NetName=CS_5 Pin=J4-10
Added Net: Name=CS_5
Added Pin To Net: NetName=CS Pin=J1-11
Added Pin To Net: NetName=CS Pin=J2-11
Added Pin To Net: NetName=CS Pin=R3-1
Added Pin To Net: NetName=CS Pin=U1-22
Added Net: Name=CS
Added Pin To Net: NetName=GND Pin=C1-2
Added Pin To Net: NetName=GND Pin=C2-2
Added Pin To Net: NetName=GND Pin=J1-2
Added Pin To Net: NetName=GND Pin=J2-2
Added Pin To Net: NetName=GND Pin=J3-2
Added Pin To Net: NetName=GND Pin=J4-2
Added Pin To Net: NetName=GND Pin=U1-18
Added Net: Name=GND
Added Pin To Net: NetName=MISO Pin=J1-5
Added Pin To Net: NetName=MISO Pin=J2-5
Added Pin To Net: NetName=MISO Pin=J3-5
Added Pin To Net: NetName=MISO Pin=J4-5
Added Pin To Net: NetName=MISO Pin=U1-9
Added Net: Name=MISO
Added Pin To Net: NetName=MOSI Pin=J1-4
Added Pin To Net: NetName=MOSI Pin=J2-4
Added Pin To Net: NetName=MOSI Pin=J3-4
Added Pin To Net: NetName=MOSI Pin=J4-4
Added Pin To Net: NetName=MOSI Pin=R1-1
Added Pin To Net: NetName=MOSI Pin=U1-24
Added Net: Name=MOSI
Added Pin To Net: NetName=NetC2_1 Pin=C2-1
Added Pin To Net: NetName=NetC2_1 Pin=U1-10
Added Net: Name=NetC2_1
Added Pin To Net: NetName=SCK Pin=J1-3
Added Pin To Net: NetName=SCK Pin=J2-3
Added Pin To Net: NetName=SCK Pin=J3-3
Added Pin To Net: NetName=SCK Pin=J4-3
Added Pin To Net: NetName=SCK Pin=R2-1
Added Pin To Net: NetName=SCK Pin=U1-23
Added Net: Name=SCK
Added Class: Name=imu-extend
Added Class: Name=imu-pcb
Added Room: Name=imu-extend
